Using pre-set license
Built from '2021.3/staging' branch; Version is '2021.3.4f1 (cb45f9cae8b7) revision 13321721'; Using compiler version '192829333'; Build Type 'Release'
OS: 'Windows 11  (10.0.22621) 64bit Professional' Language: 'en' Physical Memory: 7918 MB
BatchMode: 1, IsHumanControllingUs: 0, StartBugReporterOnCrash: 0, Is64bit: 1, IsPro: 1

COMMAND LINE ARGUMENTS:
C:\Program Files\Unity\Hub\Editor\2021.3.4f1\Editor\Unity.exe
-adb2
-batchMode
-noUpm
-name
AssetImportWorker0
-projectPath
C:/UnityGames/Runner
-logFile
Logs/AssetImportWorker0.log
-srvPort
61219
Successfully changed project path to: C:/UnityGames/Runner
C:/UnityGames/Runner
[UnityMemory] Configuration Parameters - Can be set up in boot.config
    "memorysetup-bucket-allocator-granularity=16"
    "memorysetup-bucket-allocator-bucket-count=8"
    "memorysetup-bucket-allocator-block-size=33554432"
    "memorysetup-bucket-allocator-block-count=8"
    "memorysetup-main-allocator-block-size=16777216"
    "memorysetup-thread-allocator-block-size=16777216"
    "memorysetup-gfx-main-allocator-block-size=16777216"
    "memorysetup-gfx-thread-allocator-block-size=16777216"
    "memorysetup-cache-allocator-block-size=4194304"
    "memorysetup-typetree-allocator-block-size=2097152"
    "memorysetup-profiler-bucket-allocator-granularity=16"
    "memorysetup-profiler-bucket-allocator-bucket-count=8"
    "memorysetup-profiler-bucket-allocator-block-size=33554432"
    "memorysetup-profiler-bucket-allocator-block-count=8"
    "memorysetup-profiler-allocator-block-size=16777216"
    "memorysetup-profiler-editor-allocator-block-size=1048576"
    "memorysetup-temp-allocator-size-main=16777216"
    "memorysetup-job-temp-allocator-block-size=2097152"
    "memorysetup-job-temp-allocator-block-size-background=1048576"
    "memorysetup-job-temp-allocator-reduction-small-platforms=262144"
    "memorysetup-temp-allocator-size-background-worker=32768"
    "memorysetup-temp-allocator-size-job-worker=262144"
    "memorysetup-temp-allocator-size-preload-manager=33554432"
    "memorysetup-temp-allocator-size-nav-mesh-worker=65536"
    "memorysetup-temp-allocator-size-audio-worker=65536"
    "memorysetup-temp-allocator-size-cloud-worker=32768"
    "memorysetup-temp-allocator-size-gi-baking-worker=262144"
    "memorysetup-temp-allocator-size-gfx=262144"
Refreshing native plugins compatible for Editor in 230.79 ms, found 4 plugins.
Preloading 0 native plugins for Editor in 0.00 ms.
Initialize engine version: 2021.3.4f1 (cb45f9cae8b7)
[Subsystems] Discovering subsystems at path C:/Program Files/Unity/Hub/Editor/2021.3.4f1/Editor/Data/Resources/UnitySubsystems
[Subsystems] Discovering subsystems at path C:/UnityGames/Runner/Assets
GfxDevice: creating device client; threaded=0; jobified=0
Direct3D:
    Version:  Direct3D 11.0 [level 11.1]
    Renderer: Intel(R) Iris(R) Xe Graphics (ID=0x9a49)
    Vendor:   Intel
    VRAM:     3959 MB
    Driver:   30.0.101.1692
Initialize mono
Mono path[0] = 'C:/Program Files/Unity/Hub/Editor/2021.3.4f1/Editor/Data/Managed'
Mono path[1] = 'C:/Program Files/Unity/Hub/Editor/2021.3.4f1/Editor/Data/MonoBleedingEdge/lib/mono/unityjit-win32'
Mono config path = 'C:/Program Files/Unity/Hub/Editor/2021.3.4f1/Editor/Data/MonoBleedingEdge/etc'
Using monoOptions --debugger-agent=transport=dt_socket,embedding=1,server=y,suspend=n,address=127.0.0.1:56936
Begin MonoManager ReloadAssembly
Registering precompiled unity dll's ...
Register platform support module: C:/Program Files/Unity/Hub/Editor/2021.3.4f1/Editor/Data/PlaybackEngines/WebGLSupport/UnityEditor.WebGL.Extensions.dll
Register platform support module: C:/Program Files/Unity/Hub/Editor/2021.3.4f1/Editor/Data/PlaybackEngines/AndroidPlayer/UnityEditor.Android.Extensions.dll
Register platform support module: C:/Program Files/Unity/Hub/Editor/2021.3.4f1/Editor/Data/PlaybackEngines/iOSSupport/UnityEditor.iOS.Extensions.dll
Register platform support module: C:/Program Files/Unity/Hub/Editor/2021.3.4f1/Editor/Data/PlaybackEngines/WindowsStandaloneSupport/UnityEditor.WindowsStandalone.Extensions.dll
Registered in 0.004228 seconds.
Native extension for WindowsStandalone target not found
[usbmuxd] Start listen thread
[usbmuxd] Listen thread started
Native extension for iOS target not found
Native extension for Android target not found
Native extension for WebGL target not found
Refreshing native plugins compatible for Editor in 222.31 ms, found 4 plugins.
Preloading 0 native plugins for Editor in 0.00 ms.
Mono: successfully reloaded assembly
- Completed reload, in  0.998 seconds
Domain Reload Profiling:
	ReloadAssembly (999ms)
		BeginReloadAssembly (84ms)
			ExecutionOrderSort (0ms)
			DisableScriptedObjects (0ms)
			BackupInstance (0ms)
			ReleaseScriptingObjects (0ms)
			CreateAndSetChildDomain (1ms)
		EndReloadAssembly (811ms)
			LoadAssemblies (83ms)
			RebuildTransferFunctionScriptingTraits (0ms)
			SetupTypeCache (161ms)
			ReleaseScriptCaches (0ms)
			RebuildScriptCaches (41ms)
			SetupLoadedEditorAssemblies (538ms)
				LogAssemblyErrors (0ms)
				InitializePlatformSupportModulesInManaged (92ms)
				SetLoadedEditorAssemblies (0ms)
				RefreshPlugins (222ms)
				BeforeProcessingInitializeOnLoad (3ms)
				ProcessInitializeOnLoadAttributes (154ms)
				ProcessInitializeOnLoadMethodAttributes (67ms)
				AfterProcessingInitializeOnLoad (0ms)
				EditorAssembliesLoaded (0ms)
			ExecutionOrderSort2 (0ms)
			AwakeInstancesAfterBackupRestoration (0ms)
Platform modules already initialized, skipping
Registering precompiled user dll's ...
Registered in 0.008296 seconds.
Begin MonoManager ReloadAssembly
Symbol file LoadedFromMemory doesn't match image C:\UnityGames\Runner\Library\PackageCache\com.unity.visualscripting@1.7.8\Editor\VisualScripting.Core\Dependencies\DotNetZip\Unity.VisualScripting.IonicZip.dll
Symbol file LoadedFromMemory doesn't match image C:\UnityGames\Runner\Library\PackageCache\com.unity.visualscripting@1.7.8\Editor\VisualScripting.Core\Dependencies\YamlDotNet\Unity.VisualScripting.YamlDotNet.dll
Native extension for WindowsStandalone target not found
Native extension for iOS target not found
Native extension for Android target not found
Native extension for WebGL target not found
Refreshing native plugins compatible for Editor in 146.41 ms, found 4 plugins.
Preloading 0 native plugins for Editor in 0.00 ms.
Mono: successfully reloaded assembly
- Completed reload, in  1.897 seconds
Domain Reload Profiling:
	ReloadAssembly (1898ms)
		BeginReloadAssembly (252ms)
			ExecutionOrderSort (0ms)
			DisableScriptedObjects (6ms)
			BackupInstance (0ms)
			ReleaseScriptingObjects (0ms)
			CreateAndSetChildDomain (145ms)
		EndReloadAssembly (1504ms)
			LoadAssemblies (102ms)
			RebuildTransferFunctionScriptingTraits (0ms)
			SetupTypeCache (289ms)
			ReleaseScriptCaches (1ms)
			RebuildScriptCaches (83ms)
			SetupLoadedEditorAssemblies (990ms)
				LogAssemblyErrors (0ms)
				InitializePlatformSupportModulesInManaged (22ms)
				SetLoadedEditorAssemblies (0ms)
				RefreshPlugins (146ms)
				BeforeProcessingInitializeOnLoad (124ms)
				ProcessInitializeOnLoadAttributes (524ms)
				ProcessInitializeOnLoadMethodAttributes (168ms)
				AfterProcessingInitializeOnLoad (6ms)
				EditorAssembliesLoaded (0ms)
			ExecutionOrderSort2 (0ms)
			AwakeInstancesAfterBackupRestoration (9ms)
Platform modules already initialized, skipping
========================================================================
Worker process is ready to serve import requests
Launched and connected shader compiler UnityShaderCompiler.exe after 0.07 seconds
Refreshing native plugins compatible for Editor in 1.11 ms, found 4 plugins.
Preloading 0 native plugins for Editor in 0.00 ms.
Unloading 6209 Unused Serialized files (Serialized files now loaded: 0)
Unloading 94 unused Assets / (1.2 MB). Loaded Objects now: 6635.
Memory consumption went from 239.8 MB to 238.6 MB.
Total: 5.317000 ms (FindLiveObjects: 0.457300 ms CreateObjectMapping: 0.256100 ms MarkObjects: 4.088200 ms  DeleteObjects: 0.513500 ms)

AssetImportParameters requested are different than current active one (requested -> active):
  custom:video-decoder-ogg-theora: a1e56fd34408186e4bbccfd4996cb3dc -> 
  custom:container-muxer-webm: aa71ff27fc2769a1b78a27578f13a17b -> 
  custom:container-demuxer-webm: 4f35f7cbe854078d1ac9338744f61a02 -> 
  custom:video-encoder-webm-vp8: eb34c28f22e8b96e1ab97ce403110664 -> 
  custom:audio-encoder-webm-vorbis: bf7c407c2cedff20999df2af8eb42d56 -> 
  custom:framework-win-MediaFoundation: 216162199b28c13a410421893ffa2e32 -> 
  custom:container-demuxer-ogg: 62fdf1f143b41e24485cea50d1cbac27 -> 
  custom:video-decoder-webm-vp8: 9c59270c3fd7afecdb556c50c9e8de78 -> 
  custom:audio-decoder-ogg-vorbis: bf7c407c2cedff20999df2af8eb42d56 -> 
========================================================================
Received Import Request.
  Time since last request: 1057141.946188 seconds.
  path: Assets/Prefab/Element/Rock.prefab
  artifactKey: Guid(bf1bf843c33df5644ac3757740d0874f) Importer(815301076,1909f56bfc062723c751e8b465ee728b)
Start importing Assets/Prefab/Element/Rock.prefab using Guid(bf1bf843c33df5644ac3757740d0874f) Importer(815301076,1909f56bfc062723c751e8b465ee728b)  -> (artifact id: 'ba3c800b7a7adda822d61d3c89622060') in 0.248872 seconds 
========================================================================
Received Import Request.
  Time since last request: 20.235726 seconds.
  path: Assets/Prefab/Element/Blocker.prefab
  artifactKey: Guid(8896fe9056ca84341a5e17f3a13277ba) Importer(815301076,1909f56bfc062723c751e8b465ee728b)
Start importing Assets/Prefab/Element/Blocker.prefab using Guid(8896fe9056ca84341a5e17f3a13277ba) Importer(815301076,1909f56bfc062723c751e8b465ee728b)  -> (artifact id: '5933d270d6b5430220e097f27c774d8a') in 0.022311 seconds 
========================================================================
Received Import Request.
  Time since last request: 20.104109 seconds.
  path: Assets/Prefab/Gameplay/Chunk4.prefab
  artifactKey: Guid(753bce4df916fcd458b627ab162ae93a) Importer(815301076,1909f56bfc062723c751e8b465ee728b)
Start importing Assets/Prefab/Gameplay/Chunk4.prefab using Guid(753bce4df916fcd458b627ab162ae93a) Importer(815301076,1909f56bfc062723c751e8b465ee728b)  -> (artifact id: 'f5489d2e25036304c43c2bd2efed98a1') in 0.033320 seconds 
========================================================================
Received Import Request.
  Time since last request: 2.643212 seconds.
  path: Assets/Prefab/Gameplay/Chunk3.prefab
  artifactKey: Guid(166a0bc23b10742479787df8ad70a5d2) Importer(815301076,1909f56bfc062723c751e8b465ee728b)
Start importing Assets/Prefab/Gameplay/Chunk3.prefab using Guid(166a0bc23b10742479787df8ad70a5d2) Importer(815301076,1909f56bfc062723c751e8b465ee728b)  -> (artifact id: '61e352d41f88a0271546641a407c715c') in 0.030773 seconds 
========================================================================
Received Import Request.
  Time since last request: 17.637602 seconds.
  path: Assets/Prefab/Gameplay/Chunk1.prefab
  artifactKey: Guid(087e23d071281b642838adbc5d32976c) Importer(815301076,1909f56bfc062723c751e8b465ee728b)
Start importing Assets/Prefab/Gameplay/Chunk1.prefab using Guid(087e23d071281b642838adbc5d32976c) Importer(815301076,1909f56bfc062723c751e8b465ee728b)  -> (artifact id: '3ac0d26241e26fa86d628e315b524809') in 0.027193 seconds 
========================================================================
Received Import Request.
  Time since last request: 4.711757 seconds.
  path: Assets/Prefab/Gameplay/Chunk2.prefab
  artifactKey: Guid(7c777c633d1f3024e8fbaee38d94a041) Importer(815301076,1909f56bfc062723c751e8b465ee728b)
Start importing Assets/Prefab/Gameplay/Chunk2.prefab using Guid(7c777c633d1f3024e8fbaee38d94a041) Importer(815301076,1909f56bfc062723c751e8b465ee728b)  -> (artifact id: 'acdcf96b213ce6a67f29eb9d0b2bd382') in 0.026432 seconds 
========================================================================
Received Import Request.
  Time since last request: 20.023550 seconds.
  path: Assets/Prefab/Element/Log.prefab
  artifactKey: Guid(7e11b2fcb00bbc144a7c7865fb56ce08) Importer(815301076,1909f56bfc062723c751e8b465ee728b)
Start importing Assets/Prefab/Element/Log.prefab using Guid(7e11b2fcb00bbc144a7c7865fb56ce08) Importer(815301076,1909f56bfc062723c751e8b465ee728b)  -> (artifact id: 'e0595e7fa27b1b2f738997f3fb1b2623') in 0.021143 seconds 
========================================================================
Received Import Request.
  Time since last request: 54.628519 seconds.
  path: Assets/Prefab/Gameplay/Chunk1.prefab
  artifactKey: Guid(087e23d071281b642838adbc5d32976c) Importer(815301076,1909f56bfc062723c751e8b465ee728b)
Start importing Assets/Prefab/Gameplay/Chunk1.prefab using Guid(087e23d071281b642838adbc5d32976c) Importer(815301076,1909f56bfc062723c751e8b465ee728b)  -> (artifact id: '7c67c8fa265fb98be67af6d37a20e02c') in 0.021897 seconds 
========================================================================
Received Import Request.
  Time since last request: 0.816527 seconds.
  path: Assets/Prefab/Gameplay/Chunk2.prefab
  artifactKey: Guid(7c777c633d1f3024e8fbaee38d94a041) Importer(815301076,1909f56bfc062723c751e8b465ee728b)
Start importing Assets/Prefab/Gameplay/Chunk2.prefab using Guid(7c777c633d1f3024e8fbaee38d94a041) Importer(815301076,1909f56bfc062723c751e8b465ee728b)  -> (artifact id: '0fe2d2ae86929e28c3786a2b6c97a611') in 0.021213 seconds 
========================================================================
Received Import Request.
  Time since last request: 0.868185 seconds.
  path: Assets/Prefab/Gameplay/Chunk3.prefab
  artifactKey: Guid(166a0bc23b10742479787df8ad70a5d2) Importer(815301076,1909f56bfc062723c751e8b465ee728b)
Start importing Assets/Prefab/Gameplay/Chunk3.prefab using Guid(166a0bc23b10742479787df8ad70a5d2) Importer(815301076,1909f56bfc062723c751e8b465ee728b)  -> (artifact id: '6b6cb0f8226ed33ad21986e7ffe30cda') in 0.023888 seconds 
========================================================================
Received Import Request.
  Time since last request: 17.514384 seconds.
  path: Assets/Prefab/Element/Rock.prefab
  artifactKey: Guid(bf1bf843c33df5644ac3757740d0874f) Importer(815301076,1909f56bfc062723c751e8b465ee728b)
Start importing Assets/Prefab/Element/Rock.prefab using Guid(bf1bf843c33df5644ac3757740d0874f) Importer(815301076,1909f56bfc062723c751e8b465ee728b)  -> (artifact id: 'ec77495150157b0923d807c0df6804ee') in 0.013103 seconds 
========================================================================
Received Import Request.
  Time since last request: 29.752872 seconds.
  path: Assets/Prefab/Gameplay/Chunk2.prefab
  artifactKey: Guid(7c777c633d1f3024e8fbaee38d94a041) Importer(815301076,1909f56bfc062723c751e8b465ee728b)
Start importing Assets/Prefab/Gameplay/Chunk2.prefab using Guid(7c777c633d1f3024e8fbaee38d94a041) Importer(815301076,1909f56bfc062723c751e8b465ee728b)  -> (artifact id: '8115bca7eb493c8353488cd8203fac41') in 0.025845 seconds 
========================================================================
Received Import Request.
  Time since last request: 9.120864 seconds.
  path: Assets/Prefab/Gameplay/Chunk3.prefab
  artifactKey: Guid(166a0bc23b10742479787df8ad70a5d2) Importer(815301076,1909f56bfc062723c751e8b465ee728b)
Start importing Assets/Prefab/Gameplay/Chunk3.prefab using Guid(166a0bc23b10742479787df8ad70a5d2) Importer(815301076,1909f56bfc062723c751e8b465ee728b)  -> (artifact id: 'b4ffe9482760e96707275e3b51b89f77') in 0.024461 seconds 
========================================================================
Received Import Request.
  Time since last request: 5.832700 seconds.
  path: Assets/Prefab/Element/Rock.prefab
  artifactKey: Guid(bf1bf843c33df5644ac3757740d0874f) Importer(815301076,1909f56bfc062723c751e8b465ee728b)
Start importing Assets/Prefab/Element/Rock.prefab using Guid(bf1bf843c33df5644ac3757740d0874f) Importer(815301076,1909f56bfc062723c751e8b465ee728b)  -> (artifact id: '009631ccab223b97507f2258d9ab97ab') in 0.014108 seconds 
========================================================================
Received Import Request.
  Time since last request: 29.279100 seconds.
  path: Assets/Prefab/Element/Blocker.prefab
  artifactKey: Guid(8896fe9056ca84341a5e17f3a13277ba) Importer(815301076,1909f56bfc062723c751e8b465ee728b)
Start importing Assets/Prefab/Element/Blocker.prefab using Guid(8896fe9056ca84341a5e17f3a13277ba) Importer(815301076,1909f56bfc062723c751e8b465ee728b)  -> (artifact id: '2953403c6c208ea2c841b89a6ed09d24') in 0.019055 seconds 
========================================================================
Received Import Request.
  Time since last request: 0.407201 seconds.
  path: Assets/Prefab/Element/Block.prefab
  artifactKey: Guid(b655246a878e58d4f90845493823c256) Importer(815301076,1909f56bfc062723c751e8b465ee728b)
Start importing Assets/Prefab/Element/Block.prefab using Guid(b655246a878e58d4f90845493823c256) Importer(815301076,1909f56bfc062723c751e8b465ee728b)  -> (artifact id: 'b1e97b3f2cc966789a645288d5c948e0') in 0.017870 seconds 
========================================================================
Received Import Request.
  Time since last request: 6.015472 seconds.
  path: Assets/Prefab/Element/Log.prefab
  artifactKey: Guid(7e11b2fcb00bbc144a7c7865fb56ce08) Importer(815301076,1909f56bfc062723c751e8b465ee728b)
Start importing Assets/Prefab/Element/Log.prefab using Guid(7e11b2fcb00bbc144a7c7865fb56ce08) Importer(815301076,1909f56bfc062723c751e8b465ee728b)  -> (artifact id: 'a5dac5805cfaac4250214a097751cdbf') in 0.015444 seconds 
========================================================================
Received Import Request.
  Time since last request: 2.421260 seconds.
  path: Assets/Prefab/Element/RampIce.prefab
  artifactKey: Guid(55f430c490de5c741b58404cdfcf575a) Importer(815301076,1909f56bfc062723c751e8b465ee728b)
Start importing Assets/Prefab/Element/RampIce.prefab using Guid(55f430c490de5c741b58404cdfcf575a) Importer(815301076,1909f56bfc062723c751e8b465ee728b)  -> (artifact id: 'a3d52daf5c6eb29324deda3cb0de5d91') in 0.018524 seconds 
========================================================================
Received Import Request.
  Time since last request: 0.615456 seconds.
  path: Assets/Prefab/Element/RampWood.prefab
  artifactKey: Guid(4a4eedf622b5b8145acc08dbbaeeed94) Importer(815301076,1909f56bfc062723c751e8b465ee728b)
Start importing Assets/Prefab/Element/RampWood.prefab using Guid(4a4eedf622b5b8145acc08dbbaeeed94) Importer(815301076,1909f56bfc062723c751e8b465ee728b)  -> (artifact id: '988d1ed7d4dba23eafe0eaf684a851c8') in 0.020271 seconds 
========================================================================
Received Import Request.
  Time since last request: 5.404522 seconds.
  path: Assets/Prefab/Element/Rock.prefab
  artifactKey: Guid(bf1bf843c33df5644ac3757740d0874f) Importer(815301076,1909f56bfc062723c751e8b465ee728b)
Start importing Assets/Prefab/Element/Rock.prefab using Guid(bf1bf843c33df5644ac3757740d0874f) Importer(815301076,1909f56bfc062723c751e8b465ee728b)  -> (artifact id: '69779ac8d333610c23d1c8c74d49d57c') in 0.012385 seconds 
========================================================================
Received Import Request.
  Time since last request: 6.158326 seconds.
  path: Assets/Prefab/Gameplay/Chunk2.prefab
  artifactKey: Guid(7c777c633d1f3024e8fbaee38d94a041) Importer(815301076,1909f56bfc062723c751e8b465ee728b)
Start importing Assets/Prefab/Gameplay/Chunk2.prefab using Guid(7c777c633d1f3024e8fbaee38d94a041) Importer(815301076,1909f56bfc062723c751e8b465ee728b)  -> (artifact id: '3c30dd9e14660ae4d697dc0797a5e555') in 0.019849 seconds 
========================================================================
Received Import Request.
  Time since last request: 34.246882 seconds.
  path: Assets/Prefab/Gameplay/Chunk3.prefab
  artifactKey: Guid(166a0bc23b10742479787df8ad70a5d2) Importer(815301076,1909f56bfc062723c751e8b465ee728b)
Start importing Assets/Prefab/Gameplay/Chunk3.prefab using Guid(166a0bc23b10742479787df8ad70a5d2) Importer(815301076,1909f56bfc062723c751e8b465ee728b)  -> (artifact id: 'd652b64ab6cdca1f1b89e95c7cfe550f') in 0.021058 seconds 
========================================================================
Received Import Request.
  Time since last request: 35.713839 seconds.
  path: Assets/Prefab/Gameplay/Chunk4.prefab
  artifactKey: Guid(753bce4df916fcd458b627ab162ae93a) Importer(815301076,1909f56bfc062723c751e8b465ee728b)
Start importing Assets/Prefab/Gameplay/Chunk4.prefab using Guid(753bce4df916fcd458b627ab162ae93a) Importer(815301076,1909f56bfc062723c751e8b465ee728b)  -> (artifact id: 'c9fbf401c4759d4cc762981f62e59134') in 0.024712 seconds 
========================================================================
Received Import Request.
  Time since last request: 30.780558 seconds.
  path: Assets/Prefab/Gameplay/Chunk5.prefab
  artifactKey: Guid(52cc94bb90211d24a9764f574badee9b) Importer(815301076,1909f56bfc062723c751e8b465ee728b)
Start importing Assets/Prefab/Gameplay/Chunk5.prefab using Guid(52cc94bb90211d24a9764f574badee9b) Importer(815301076,1909f56bfc062723c751e8b465ee728b)  -> (artifact id: 'b1320812cec6fd6c9bb6f1e7bdbcd23c') in 0.029974 seconds 
========================================================================
Received Import Request.
  Time since last request: 53.568920 seconds.
  path: Assets/Prefab/Gameplay/Chunk6.prefab
  artifactKey: Guid(62eccd644bc21d54d882f6e83b886f5e) Importer(815301076,1909f56bfc062723c751e8b465ee728b)
Start importing Assets/Prefab/Gameplay/Chunk6.prefab using Guid(62eccd644bc21d54d882f6e83b886f5e) Importer(815301076,1909f56bfc062723c751e8b465ee728b)  -> (artifact id: 'e7c46cf47cfa1f8056ffa08cb14f0cc3') in 0.027926 seconds 
========================================================================
Received Import Request.
  Time since last request: 21.214382 seconds.
  path: Assets/Prefab/Gameplay/Chunk8.prefab
  artifactKey: Guid(6d681b012efffc1439d7551a56c8cf41) Importer(815301076,1909f56bfc062723c751e8b465ee728b)
Start importing Assets/Prefab/Gameplay/Chunk8.prefab using Guid(6d681b012efffc1439d7551a56c8cf41) Importer(815301076,1909f56bfc062723c751e8b465ee728b)  -> (artifact id: 'e5621950c8f65f6a16790d49b5b47e56') in 0.032139 seconds 
========================================================================
Received Import Request.
  Time since last request: 3.701017 seconds.
  path: Assets/Prefab/Gameplay/Chunk9.prefab
  artifactKey: Guid(7e3f03becd2e26b4dac63a2442c03d75) Importer(815301076,1909f56bfc062723c751e8b465ee728b)
Start importing Assets/Prefab/Gameplay/Chunk9.prefab using Guid(7e3f03becd2e26b4dac63a2442c03d75) Importer(815301076,1909f56bfc062723c751e8b465ee728b)  -> (artifact id: '8c3bf105a4b6f222ab47af62cb947178') in 0.022871 seconds 
========================================================================
Received Import Request.
  Time since last request: 10.138019 seconds.
  path: Assets/Scenes/Game.unity
  artifactKey: Guid(d332f3ad55e8f1e4d90699ef5e550ef3) Importer(815301076,1909f56bfc062723c751e8b465ee728b)
Start importing Assets/Scenes/Game.unity using Guid(d332f3ad55e8f1e4d90699ef5e550ef3) Importer(815301076,1909f56bfc062723c751e8b465ee728b)  -> (artifact id: '2637a2304315a23503c050f7e15be011') in 0.004729 seconds 
========================================================================
Received Prepare
Registering precompiled user dll's ...
Registered in 0.006648 seconds.
Begin MonoManager ReloadAssembly
Symbol file LoadedFromMemory doesn't match image C:\UnityGames\Runner\Library\PackageCache\com.unity.visualscripting@1.7.8\Editor\VisualScripting.Core\Dependencies\DotNetZip\Unity.VisualScripting.IonicZip.dll
Symbol file LoadedFromMemory doesn't match image C:\UnityGames\Runner\Library\PackageCache\com.unity.visualscripting@1.7.8\Editor\VisualScripting.Core\Dependencies\YamlDotNet\Unity.VisualScripting.YamlDotNet.dll
Native extension for WindowsStandalone target not found
Native extension for iOS target not found
Native extension for Android target not found
Native extension for WebGL target not found
Refreshing native plugins compatible for Editor in 1.65 ms, found 4 plugins.
Preloading 0 native plugins for Editor in 0.00 ms.
Mono: successfully reloaded assembly
- Completed reload, in  2.016 seconds
Domain Reload Profiling:
	ReloadAssembly (2017ms)
		BeginReloadAssembly (183ms)
			ExecutionOrderSort (0ms)
			DisableScriptedObjects (9ms)
			BackupInstance (0ms)
			ReleaseScriptingObjects (0ms)
			CreateAndSetChildDomain (67ms)
		EndReloadAssembly (1713ms)
			LoadAssemblies (127ms)
			RebuildTransferFunctionScriptingTraits (0ms)
			SetupTypeCache (384ms)
			ReleaseScriptCaches (4ms)
			RebuildScriptCaches (102ms)
			SetupLoadedEditorAssemblies (933ms)
				LogAssemblyErrors (0ms)
				InitializePlatformSupportModulesInManaged (59ms)
				SetLoadedEditorAssemblies (1ms)
				RefreshPlugins (2ms)
				BeforeProcessingInitializeOnLoad (155ms)
				ProcessInitializeOnLoadAttributes (545ms)
				ProcessInitializeOnLoadMethodAttributes (164ms)
				AfterProcessingInitializeOnLoad (6ms)
				EditorAssembliesLoaded (1ms)
			ExecutionOrderSort2 (0ms)
			AwakeInstancesAfterBackupRestoration (25ms)
Platform modules already initialized, skipping
Refreshing native plugins compatible for Editor in 7.17 ms, found 4 plugins.
Preloading 0 native plugins for Editor in 0.00 ms.
Unloading 6085 Unused Serialized files (Serialized files now loaded: 0)
Unloading 67 unused Assets / (1.2 MB). Loaded Objects now: 6702.
Memory consumption went from 239.3 MB to 238.1 MB.
Total: 6.744000 ms (FindLiveObjects: 0.518400 ms CreateObjectMapping: 0.357300 ms MarkObjects: 5.129400 ms  DeleteObjects: 0.736200 ms)

AssetImportParameters requested are different than current active one (requested -> active):
  custom:video-decoder-ogg-theora: a1e56fd34408186e4bbccfd4996cb3dc -> 
  custom:container-muxer-webm: aa71ff27fc2769a1b78a27578f13a17b -> 
  custom:container-demuxer-webm: 4f35f7cbe854078d1ac9338744f61a02 -> 
  custom:video-encoder-webm-vp8: eb34c28f22e8b96e1ab97ce403110664 -> 
  custom:audio-encoder-webm-vorbis: bf7c407c2cedff20999df2af8eb42d56 -> 
  custom:framework-win-MediaFoundation: 216162199b28c13a410421893ffa2e32 -> 
  custom:container-demuxer-ogg: 62fdf1f143b41e24485cea50d1cbac27 -> 
  custom:video-decoder-webm-vp8: 9c59270c3fd7afecdb556c50c9e8de78 -> 
  custom:audio-decoder-ogg-vorbis: bf7c407c2cedff20999df2af8eb42d56 -> 
========================================================================
Received Prepare
Registering precompiled user dll's ...
Registered in 0.005158 seconds.
Begin MonoManager ReloadAssembly
Symbol file LoadedFromMemory doesn't match image C:\UnityGames\Runner\Library\PackageCache\com.unity.visualscripting@1.7.8\Editor\VisualScripting.Core\Dependencies\DotNetZip\Unity.VisualScripting.IonicZip.dll
Symbol file LoadedFromMemory doesn't match image C:\UnityGames\Runner\Library\PackageCache\com.unity.visualscripting@1.7.8\Editor\VisualScripting.Core\Dependencies\YamlDotNet\Unity.VisualScripting.YamlDotNet.dll
Native extension for WindowsStandalone target not found
Native extension for iOS target not found
Native extension for Android target not found
Native extension for WebGL target not found
Refreshing native plugins compatible for Editor in 1.17 ms, found 4 plugins.
Preloading 0 native plugins for Editor in 0.00 ms.
Mono: successfully reloaded assembly
- Completed reload, in  1.767 seconds
Domain Reload Profiling:
	ReloadAssembly (1768ms)
		BeginReloadAssembly (161ms)
			ExecutionOrderSort (0ms)
			DisableScriptedObjects (8ms)
			BackupInstance (0ms)
			ReleaseScriptingObjects (0ms)
			CreateAndSetChildDomain (48ms)
		EndReloadAssembly (1505ms)
			LoadAssemblies (114ms)
			RebuildTransferFunctionScriptingTraits (0ms)
			SetupTypeCache (338ms)
			ReleaseScriptCaches (4ms)
			RebuildScriptCaches (67ms)
			SetupLoadedEditorAssemblies (863ms)
				LogAssemblyErrors (0ms)
				InitializePlatformSupportModulesInManaged (33ms)
				SetLoadedEditorAssemblies (1ms)
				RefreshPlugins (1ms)
				BeforeProcessingInitializeOnLoad (131ms)
				ProcessInitializeOnLoadAttributes (525ms)
				ProcessInitializeOnLoadMethodAttributes (165ms)
				AfterProcessingInitializeOnLoad (6ms)
				EditorAssembliesLoaded (1ms)
			ExecutionOrderSort2 (0ms)
			AwakeInstancesAfterBackupRestoration (27ms)
Platform modules already initialized, skipping
Refreshing native plugins compatible for Editor in 5.07 ms, found 4 plugins.
Preloading 0 native plugins for Editor in 0.00 ms.
Unloading 6086 Unused Serialized files (Serialized files now loaded: 0)
Unloading 67 unused Assets / (1.2 MB). Loaded Objects now: 6717.
Memory consumption went from 239.3 MB to 238.1 MB.
Total: 7.055100 ms (FindLiveObjects: 0.524800 ms CreateObjectMapping: 0.328600 ms MarkObjects: 4.845500 ms  DeleteObjects: 1.353500 ms)

AssetImportParameters requested are different than current active one (requested -> active):
  custom:video-decoder-ogg-theora: a1e56fd34408186e4bbccfd4996cb3dc -> 
  custom:container-muxer-webm: aa71ff27fc2769a1b78a27578f13a17b -> 
  custom:container-demuxer-webm: 4f35f7cbe854078d1ac9338744f61a02 -> 
  custom:video-encoder-webm-vp8: eb34c28f22e8b96e1ab97ce403110664 -> 
  custom:audio-encoder-webm-vorbis: bf7c407c2cedff20999df2af8eb42d56 -> 
  custom:framework-win-MediaFoundation: 216162199b28c13a410421893ffa2e32 -> 
  custom:container-demuxer-ogg: 62fdf1f143b41e24485cea50d1cbac27 -> 
  custom:video-decoder-webm-vp8: 9c59270c3fd7afecdb556c50c9e8de78 -> 
  custom:audio-decoder-ogg-vorbis: bf7c407c2cedff20999df2af8eb42d56 -> 
========================================================================
Received Prepare
Registering precompiled user dll's ...
Registered in 0.005234 seconds.
Begin MonoManager ReloadAssembly
Symbol file LoadedFromMemory doesn't match image C:\UnityGames\Runner\Library\PackageCache\com.unity.visualscripting@1.7.8\Editor\VisualScripting.Core\Dependencies\DotNetZip\Unity.VisualScripting.IonicZip.dll
Symbol file LoadedFromMemory doesn't match image C:\UnityGames\Runner\Library\PackageCache\com.unity.visualscripting@1.7.8\Editor\VisualScripting.Core\Dependencies\YamlDotNet\Unity.VisualScripting.YamlDotNet.dll
Native extension for WindowsStandalone target not found
Native extension for iOS target not found
Native extension for Android target not found
Native extension for WebGL target not found
Refreshing native plugins compatible for Editor in 1.18 ms, found 4 plugins.
Preloading 0 native plugins for Editor in 0.00 ms.
Mono: successfully reloaded assembly
- Completed reload, in  1.925 seconds
Domain Reload Profiling:
	ReloadAssembly (1926ms)
		BeginReloadAssembly (156ms)
			ExecutionOrderSort (0ms)
			DisableScriptedObjects (11ms)
			BackupInstance (0ms)
			ReleaseScriptingObjects (0ms)
			CreateAndSetChildDomain (46ms)
		EndReloadAssembly (1669ms)
			LoadAssemblies (97ms)
			RebuildTransferFunctionScriptingTraits (0ms)
			SetupTypeCache (467ms)
			ReleaseScriptCaches (4ms)
			RebuildScriptCaches (71ms)
			SetupLoadedEditorAssemblies (894ms)
				LogAssemblyErrors (0ms)
				InitializePlatformSupportModulesInManaged (40ms)
				SetLoadedEditorAssemblies (1ms)
				RefreshPlugins (1ms)
				BeforeProcessingInitializeOnLoad (136ms)
				ProcessInitializeOnLoadAttributes (557ms)
				ProcessInitializeOnLoadMethodAttributes (154ms)
				AfterProcessingInitializeOnLoad (6ms)
				EditorAssembliesLoaded (0ms)
			ExecutionOrderSort2 (0ms)
			AwakeInstancesAfterBackupRestoration (26ms)
Platform modules already initialized, skipping
Refreshing native plugins compatible for Editor in 6.05 ms, found 4 plugins.
Preloading 0 native plugins for Editor in 0.00 ms.
Unloading 6086 Unused Serialized files (Serialized files now loaded: 0)
Unloading 67 unused Assets / (1.2 MB). Loaded Objects now: 6732.
Memory consumption went from 239.4 MB to 238.2 MB.
Total: 6.274600 ms (FindLiveObjects: 0.972800 ms CreateObjectMapping: 0.374800 ms MarkObjects: 4.373200 ms  DeleteObjects: 0.548700 ms)

AssetImportParameters requested are different than current active one (requested -> active):
  custom:video-decoder-ogg-theora: a1e56fd34408186e4bbccfd4996cb3dc -> 
  custom:container-muxer-webm: aa71ff27fc2769a1b78a27578f13a17b -> 
  custom:container-demuxer-webm: 4f35f7cbe854078d1ac9338744f61a02 -> 
  custom:video-encoder-webm-vp8: eb34c28f22e8b96e1ab97ce403110664 -> 
  custom:audio-encoder-webm-vorbis: bf7c407c2cedff20999df2af8eb42d56 -> 
  custom:framework-win-MediaFoundation: 216162199b28c13a410421893ffa2e32 -> 
  custom:container-demuxer-ogg: 62fdf1f143b41e24485cea50d1cbac27 -> 
  custom:video-decoder-webm-vp8: 9c59270c3fd7afecdb556c50c9e8de78 -> 
  custom:audio-decoder-ogg-vorbis: bf7c407c2cedff20999df2af8eb42d56 -> 
========================================================================
Received Prepare
Registering precompiled user dll's ...
Registered in 0.006830 seconds.
Begin MonoManager ReloadAssembly
Symbol file LoadedFromMemory doesn't match image C:\UnityGames\Runner\Library\PackageCache\com.unity.visualscripting@1.7.8\Editor\VisualScripting.Core\Dependencies\DotNetZip\Unity.VisualScripting.IonicZip.dll
Symbol file LoadedFromMemory doesn't match image C:\UnityGames\Runner\Library\PackageCache\com.unity.visualscripting@1.7.8\Editor\VisualScripting.Core\Dependencies\YamlDotNet\Unity.VisualScripting.YamlDotNet.dll
Native extension for WindowsStandalone target not found
Native extension for iOS target not found
Native extension for Android target not found
Native extension for WebGL target not found
Refreshing native plugins compatible for Editor in 2.03 ms, found 4 plugins.
Preloading 0 native plugins for Editor in 0.00 ms.
Mono: successfully reloaded assembly
- Completed reload, in  1.950 seconds
Domain Reload Profiling:
	ReloadAssembly (1951ms)
		BeginReloadAssembly (144ms)
			ExecutionOrderSort (0ms)
			DisableScriptedObjects (9ms)
			BackupInstance (0ms)
			ReleaseScriptingObjects (0ms)
			CreateAndSetChildDomain (46ms)
		EndReloadAssembly (1693ms)
			LoadAssemblies (100ms)
			RebuildTransferFunctionScriptingTraits (0ms)
			SetupTypeCache (333ms)
			ReleaseScriptCaches (2ms)
			RebuildScriptCaches (76ms)
			SetupLoadedEditorAssemblies (1000ms)
				LogAssemblyErrors (0ms)
				InitializePlatformSupportModulesInManaged (54ms)
				SetLoadedEditorAssemblies (1ms)
				RefreshPlugins (2ms)
				BeforeProcessingInitializeOnLoad (176ms)
				ProcessInitializeOnLoadAttributes (586ms)
				ProcessInitializeOnLoadMethodAttributes (174ms)
				AfterProcessingInitializeOnLoad (7ms)
				EditorAssembliesLoaded (0ms)
			ExecutionOrderSort2 (0ms)
			AwakeInstancesAfterBackupRestoration (27ms)
Platform modules already initialized, skipping
Refreshing native plugins compatible for Editor in 7.95 ms, found 4 plugins.
Preloading 0 native plugins for Editor in 0.00 ms.
Unloading 6086 Unused Serialized files (Serialized files now loaded: 0)
Unloading 67 unused Assets / (1.2 MB). Loaded Objects now: 6747.
Memory consumption went from 239.4 MB to 238.2 MB.
Total: 6.663900 ms (FindLiveObjects: 0.582600 ms CreateObjectMapping: 0.274400 ms MarkObjects: 4.988600 ms  DeleteObjects: 0.816000 ms)

AssetImportParameters requested are different than current active one (requested -> active):
  custom:video-decoder-ogg-theora: a1e56fd34408186e4bbccfd4996cb3dc -> 
  custom:container-muxer-webm: aa71ff27fc2769a1b78a27578f13a17b -> 
  custom:container-demuxer-webm: 4f35f7cbe854078d1ac9338744f61a02 -> 
  custom:video-encoder-webm-vp8: eb34c28f22e8b96e1ab97ce403110664 -> 
  custom:audio-encoder-webm-vorbis: bf7c407c2cedff20999df2af8eb42d56 -> 
  custom:framework-win-MediaFoundation: 216162199b28c13a410421893ffa2e32 -> 
  custom:container-demuxer-ogg: 62fdf1f143b41e24485cea50d1cbac27 -> 
  custom:video-decoder-webm-vp8: 9c59270c3fd7afecdb556c50c9e8de78 -> 
  custom:audio-decoder-ogg-vorbis: bf7c407c2cedff20999df2af8eb42d56 -> 
========================================================================
Received Prepare
Registering precompiled user dll's ...
Registered in 0.008728 seconds.
Begin MonoManager ReloadAssembly
Symbol file LoadedFromMemory doesn't match image C:\UnityGames\Runner\Library\PackageCache\com.unity.visualscripting@1.7.8\Editor\VisualScripting.Core\Dependencies\DotNetZip\Unity.VisualScripting.IonicZip.dll
Symbol file LoadedFromMemory doesn't match image C:\UnityGames\Runner\Library\PackageCache\com.unity.visualscripting@1.7.8\Editor\VisualScripting.Core\Dependencies\YamlDotNet\Unity.VisualScripting.YamlDotNet.dll
Native extension for WindowsStandalone target not found
Native extension for iOS target not found
Native extension for Android target not found
Native extension for WebGL target not found
Refreshing native plugins compatible for Editor in 1.10 ms, found 4 plugins.
Preloading 0 native plugins for Editor in 0.00 ms.
Mono: successfully reloaded assembly
- Completed reload, in  1.526 seconds
Domain Reload Profiling:
	ReloadAssembly (1527ms)
		BeginReloadAssembly (171ms)
			ExecutionOrderSort (0ms)
			DisableScriptedObjects (7ms)
			BackupInstance (0ms)
			ReleaseScriptingObjects (0ms)
			CreateAndSetChildDomain (56ms)
		EndReloadAssembly (1207ms)
			LoadAssemblies (118ms)
			RebuildTransferFunctionScriptingTraits (0ms)
			SetupTypeCache (331ms)
			ReleaseScriptCaches (2ms)
			RebuildScriptCaches (85ms)
			SetupLoadedEditorAssemblies (581ms)
				LogAssemblyErrors (0ms)
				InitializePlatformSupportModulesInManaged (32ms)
				SetLoadedEditorAssemblies (1ms)
				RefreshPlugins (1ms)
				BeforeProcessingInitializeOnLoad (86ms)
				ProcessInitializeOnLoadAttributes (345ms)
				ProcessInitializeOnLoadMethodAttributes (109ms)
				AfterProcessingInitializeOnLoad (6ms)
				EditorAssembliesLoaded (0ms)
			ExecutionOrderSort2 (0ms)
			AwakeInstancesAfterBackupRestoration (21ms)
Platform modules already initialized, skipping
Refreshing native plugins compatible for Editor in 3.65 ms, found 4 plugins.
Preloading 0 native plugins for Editor in 0.00 ms.
Unloading 6086 Unused Serialized files (Serialized files now loaded: 0)
Unloading 67 unused Assets / (1.2 MB). Loaded Objects now: 6762.
Memory consumption went from 239.4 MB to 238.2 MB.
Total: 4.188100 ms (FindLiveObjects: 0.491800 ms CreateObjectMapping: 0.291400 ms MarkObjects: 2.886400 ms  DeleteObjects: 0.517100 ms)

AssetImportParameters requested are different than current active one (requested -> active):
  custom:video-decoder-ogg-theora: a1e56fd34408186e4bbccfd4996cb3dc -> 
  custom:container-muxer-webm: aa71ff27fc2769a1b78a27578f13a17b -> 
  custom:container-demuxer-webm: 4f35f7cbe854078d1ac9338744f61a02 -> 
  custom:video-encoder-webm-vp8: eb34c28f22e8b96e1ab97ce403110664 -> 
  custom:audio-encoder-webm-vorbis: bf7c407c2cedff20999df2af8eb42d56 -> 
  custom:framework-win-MediaFoundation: 216162199b28c13a410421893ffa2e32 -> 
  custom:container-demuxer-ogg: 62fdf1f143b41e24485cea50d1cbac27 -> 
  custom:video-decoder-webm-vp8: 9c59270c3fd7afecdb556c50c9e8de78 -> 
  custom:audio-decoder-ogg-vorbis: bf7c407c2cedff20999df2af8eb42d56 -> 
========================================================================
Received Import Request.
  Time since last request: 204.189063 seconds.
  path: Assets/Prefab/Gameplay/Chunk2.prefab
  artifactKey: Guid(7c777c633d1f3024e8fbaee38d94a041) Importer(815301076,1909f56bfc062723c751e8b465ee728b)
Start importing Assets/Prefab/Gameplay/Chunk2.prefab using Guid(7c777c633d1f3024e8fbaee38d94a041) Importer(815301076,1909f56bfc062723c751e8b465ee728b)  -> (artifact id: 'b7ae35fd14a93ef1449cbfc4e3998fb9') in 0.198434 seconds 
========================================================================
Received Import Request.
  Time since last request: 100.215810 seconds.
  path: Assets/Prefab/Gameplay/Chunk1.prefab
  artifactKey: Guid(087e23d071281b642838adbc5d32976c) Importer(815301076,1909f56bfc062723c751e8b465ee728b)
Start importing Assets/Prefab/Gameplay/Chunk1.prefab using Guid(087e23d071281b642838adbc5d32976c) Importer(815301076,1909f56bfc062723c751e8b465ee728b)  -> (artifact id: '54f283c07db79b66d831cdbc6f2fdacf') in 0.021006 seconds 
========================================================================
Received Import Request.
  Time since last request: 9.923295 seconds.
  path: Assets/Prefab/Element/Blocker.prefab
  artifactKey: Guid(8896fe9056ca84341a5e17f3a13277ba) Importer(815301076,1909f56bfc062723c751e8b465ee728b)
Start importing Assets/Prefab/Element/Blocker.prefab using Guid(8896fe9056ca84341a5e17f3a13277ba) Importer(815301076,1909f56bfc062723c751e8b465ee728b)  -> (artifact id: 'f5c9115fe041b513bedf68eb95147e75') in 0.014925 seconds 
========================================================================
Received Import Request.
  Time since last request: 19.628443 seconds.
  path: Assets/Prefab/Gameplay/Chunk1.prefab
  artifactKey: Guid(087e23d071281b642838adbc5d32976c) Importer(815301076,1909f56bfc062723c751e8b465ee728b)
Start importing Assets/Prefab/Gameplay/Chunk1.prefab using Guid(087e23d071281b642838adbc5d32976c) Importer(815301076,1909f56bfc062723c751e8b465ee728b)  -> (artifact id: '31266beea1384ba35a0589fa62bc2729') in 0.022177 seconds 
========================================================================
Received Import Request.
  Time since last request: 7.850094 seconds.
  path: Assets/Prefab/Element/Blocker.prefab
  artifactKey: Guid(8896fe9056ca84341a5e17f3a13277ba) Importer(815301076,1909f56bfc062723c751e8b465ee728b)
Start importing Assets/Prefab/Element/Blocker.prefab using Guid(8896fe9056ca84341a5e17f3a13277ba) Importer(815301076,1909f56bfc062723c751e8b465ee728b)  -> (artifact id: 'b42c2e4e93a2c1247bfe8ef599ab7477') in 0.013037 seconds 
========================================================================
Received Import Request.
  Time since last request: 9.060551 seconds.
  path: Assets/Prefab/Gameplay/Chunk1.prefab
  artifactKey: Guid(087e23d071281b642838adbc5d32976c) Importer(815301076,1909f56bfc062723c751e8b465ee728b)
Start importing Assets/Prefab/Gameplay/Chunk1.prefab using Guid(087e23d071281b642838adbc5d32976c) Importer(815301076,1909f56bfc062723c751e8b465ee728b)  -> (artifact id: '1c3cf5d34dde02c5b0115ffa0cf2ae9c') in 0.023945 seconds 
========================================================================
Received Import Request.
  Time since last request: 0.509499 seconds.
  path: Assets/Prefab/Gameplay/Chunk2.prefab
  artifactKey: Guid(7c777c633d1f3024e8fbaee38d94a041) Importer(815301076,1909f56bfc062723c751e8b465ee728b)
Start importing Assets/Prefab/Gameplay/Chunk2.prefab using Guid(7c777c633d1f3024e8fbaee38d94a041) Importer(815301076,1909f56bfc062723c751e8b465ee728b)  -> (artifact id: 'b0e69282aa14fcac27370ba55ca23196') in 0.021181 seconds 
========================================================================
Received Import Request.
  Time since last request: 3.853391 seconds.
  path: Assets/Prefab/Gameplay/Chunk3.prefab
  artifactKey: Guid(166a0bc23b10742479787df8ad70a5d2) Importer(815301076,1909f56bfc062723c751e8b465ee728b)
Start importing Assets/Prefab/Gameplay/Chunk3.prefab using Guid(166a0bc23b10742479787df8ad70a5d2) Importer(815301076,1909f56bfc062723c751e8b465ee728b)  -> (artifact id: '61b4484a75e02a3e4f96eba7273e28a5') in 0.025274 seconds 
========================================================================
Received Import Request.
  Time since last request: 46.870587 seconds.
  path: Assets/Prefab/Element/Blocker.prefab
  artifactKey: Guid(8896fe9056ca84341a5e17f3a13277ba) Importer(815301076,1909f56bfc062723c751e8b465ee728b)
Start importing Assets/Prefab/Element/Blocker.prefab using Guid(8896fe9056ca84341a5e17f3a13277ba) Importer(815301076,1909f56bfc062723c751e8b465ee728b)  -> (artifact id: '12657b742007e2470556240777c7caae') in 0.013672 seconds 
========================================================================
Received Prepare
Registering precompiled user dll's ...
Registered in 0.006723 seconds.
Begin MonoManager ReloadAssembly
Symbol file LoadedFromMemory doesn't match image C:\UnityGames\Runner\Library\PackageCache\com.unity.visualscripting@1.7.8\Editor\VisualScripting.Core\Dependencies\DotNetZip\Unity.VisualScripting.IonicZip.dll
Symbol file LoadedFromMemory doesn't match image C:\UnityGames\Runner\Library\PackageCache\com.unity.visualscripting@1.7.8\Editor\VisualScripting.Core\Dependencies\YamlDotNet\Unity.VisualScripting.YamlDotNet.dll
Native extension for WindowsStandalone target not found
Native extension for iOS target not found
Native extension for Android target not found
Native extension for WebGL target not found
Refreshing native plugins compatible for Editor in 1.19 ms, found 4 plugins.
Preloading 0 native plugins for Editor in 0.00 ms.
Mono: successfully reloaded assembly
- Completed reload, in  1.654 seconds
Domain Reload Profiling:
	ReloadAssembly (1655ms)
		BeginReloadAssembly (171ms)
			ExecutionOrderSort (0ms)
			DisableScriptedObjects (10ms)
			BackupInstance (0ms)
			ReleaseScriptingObjects (0ms)
			CreateAndSetChildDomain (64ms)
		EndReloadAssembly (1363ms)
			LoadAssemblies (90ms)
			RebuildTransferFunctionScriptingTraits (0ms)
			SetupTypeCache (297ms)
			ReleaseScriptCaches (2ms)
			RebuildScriptCaches (66ms)
			SetupLoadedEditorAssemblies (795ms)
				LogAssemblyErrors (0ms)
				InitializePlatformSupportModulesInManaged (37ms)
				SetLoadedEditorAssemblies (0ms)
				RefreshPlugins (1ms)
				BeforeProcessingInitializeOnLoad (128ms)
				ProcessInitializeOnLoadAttributes (481ms)
				ProcessInitializeOnLoadMethodAttributes (141ms)
				AfterProcessingInitializeOnLoad (7ms)
				EditorAssembliesLoaded (1ms)
			ExecutionOrderSort2 (0ms)
			AwakeInstancesAfterBackupRestoration (22ms)
Platform modules already initialized, skipping
Refreshing native plugins compatible for Editor in 7.18 ms, found 4 plugins.
Preloading 0 native plugins for Editor in 0.00 ms.
Unloading 6085 Unused Serialized files (Serialized files now loaded: 0)
Unloading 67 unused Assets / (1.2 MB). Loaded Objects now: 6817.
Memory consumption went from 239.5 MB to 238.3 MB.
Total: 5.748600 ms (FindLiveObjects: 0.533200 ms CreateObjectMapping: 0.321800 ms MarkObjects: 4.087100 ms  DeleteObjects: 0.804200 ms)

AssetImportParameters requested are different than current active one (requested -> active):
  custom:video-decoder-ogg-theora: a1e56fd34408186e4bbccfd4996cb3dc -> 
  custom:container-muxer-webm: aa71ff27fc2769a1b78a27578f13a17b -> 
  custom:container-demuxer-webm: 4f35f7cbe854078d1ac9338744f61a02 -> 
  custom:video-encoder-webm-vp8: eb34c28f22e8b96e1ab97ce403110664 -> 
  custom:audio-encoder-webm-vorbis: bf7c407c2cedff20999df2af8eb42d56 -> 
  custom:framework-win-MediaFoundation: 216162199b28c13a410421893ffa2e32 -> 
  custom:container-demuxer-ogg: 62fdf1f143b41e24485cea50d1cbac27 -> 
  custom:video-decoder-webm-vp8: 9c59270c3fd7afecdb556c50c9e8de78 -> 
  custom:audio-decoder-ogg-vorbis: bf7c407c2cedff20999df2af8eb42d56 -> 
========================================================================
Received Import Request.
  Time since last request: 199.824089 seconds.
  path: Assets/Prefab/Gameplay/Chunk2.prefab
  artifactKey: Guid(7c777c633d1f3024e8fbaee38d94a041) Importer(815301076,1909f56bfc062723c751e8b465ee728b)
Start importing Assets/Prefab/Gameplay/Chunk2.prefab using Guid(7c777c633d1f3024e8fbaee38d94a041) Importer(815301076,1909f56bfc062723c751e8b465ee728b)  -> (artifact id: 'f416134f6f0f482c34cd1f3d7829b244') in 0.273871 seconds 
========================================================================
Received Import Request.
  Time since last request: 3.376953 seconds.
  path: Assets/Prefab/Gameplay/Chunk3.prefab
  artifactKey: Guid(166a0bc23b10742479787df8ad70a5d2) Importer(815301076,1909f56bfc062723c751e8b465ee728b)
Start importing Assets/Prefab/Gameplay/Chunk3.prefab using Guid(166a0bc23b10742479787df8ad70a5d2) Importer(815301076,1909f56bfc062723c751e8b465ee728b)  -> (artifact id: 'e2f1309893361c79258931901e2f08f3') in 0.024221 seconds 
========================================================================
Received Import Request.
  Time since last request: 7.907629 seconds.
  path: Assets/Prefab/Gameplay/Chunk6.prefab
  artifactKey: Guid(62eccd644bc21d54d882f6e83b886f5e) Importer(815301076,1909f56bfc062723c751e8b465ee728b)
Start importing Assets/Prefab/Gameplay/Chunk6.prefab using Guid(62eccd644bc21d54d882f6e83b886f5e) Importer(815301076,1909f56bfc062723c751e8b465ee728b)  -> (artifact id: '74e6c1ec2a1c83e7ece7f7365b723723') in 0.021893 seconds 
========================================================================
Received Import Request.
  Time since last request: 10.204927 seconds.
  path: Assets/Prefab/Gameplay/Chunk7.prefab
  artifactKey: Guid(da5a13e3040eee5419ce271524df5c55) Importer(815301076,1909f56bfc062723c751e8b465ee728b)
Start importing Assets/Prefab/Gameplay/Chunk7.prefab using Guid(da5a13e3040eee5419ce271524df5c55) Importer(815301076,1909f56bfc062723c751e8b465ee728b)  -> (artifact id: 'be749001b5a53948ddde28d4785ff58b') in 0.029743 seconds 
========================================================================
Received Import Request.
  Time since last request: 3.099060 seconds.
  path: Assets/Prefab/Gameplay/Chunk8.prefab
  artifactKey: Guid(6d681b012efffc1439d7551a56c8cf41) Importer(815301076,1909f56bfc062723c751e8b465ee728b)
Start importing Assets/Prefab/Gameplay/Chunk8.prefab using Guid(6d681b012efffc1439d7551a56c8cf41) Importer(815301076,1909f56bfc062723c751e8b465ee728b)  -> (artifact id: '0306f5ba7e902a86a8ee270a64f9a239') in 0.023929 seconds 
========================================================================
Received Import Request.
  Time since last request: 2.380277 seconds.
  path: Assets/Prefab/Gameplay/Chunk9.prefab
  artifactKey: Guid(7e3f03becd2e26b4dac63a2442c03d75) Importer(815301076,1909f56bfc062723c751e8b465ee728b)
Start importing Assets/Prefab/Gameplay/Chunk9.prefab using Guid(7e3f03becd2e26b4dac63a2442c03d75) Importer(815301076,1909f56bfc062723c751e8b465ee728b)  -> (artifact id: '2702503a71829b3c665f926e20651945') in 0.026110 seconds 
========================================================================
Received Import Request.
  Time since last request: 2.046093 seconds.
  path: Assets/Prefab/Gameplay/Chunk4.prefab
  artifactKey: Guid(753bce4df916fcd458b627ab162ae93a) Importer(815301076,1909f56bfc062723c751e8b465ee728b)
Start importing Assets/Prefab/Gameplay/Chunk4.prefab using Guid(753bce4df916fcd458b627ab162ae93a) Importer(815301076,1909f56bfc062723c751e8b465ee728b)  -> (artifact id: '4d9a5d0575c874f07950f20425c27dde') in 0.025563 seconds 
========================================================================
Received Import Request.
  Time since last request: 11.649685 seconds.
  path: Assets/Prefab/Element/Rock.prefab
  artifactKey: Guid(bf1bf843c33df5644ac3757740d0874f) Importer(815301076,1909f56bfc062723c751e8b465ee728b)
Start importing Assets/Prefab/Element/Rock.prefab using Guid(bf1bf843c33df5644ac3757740d0874f) Importer(815301076,1909f56bfc062723c751e8b465ee728b)  -> (artifact id: '5e4fd8de62228761b9713797ab98767d') in 0.014353 seconds 
========================================================================
Received Import Request.
  Time since last request: 100.217162 seconds.
  path: Assets/Prefab/Gameplay/Chunk2.prefab
  artifactKey: Guid(7c777c633d1f3024e8fbaee38d94a041) Importer(815301076,1909f56bfc062723c751e8b465ee728b)
Start importing Assets/Prefab/Gameplay/Chunk2.prefab using Guid(7c777c633d1f3024e8fbaee38d94a041) Importer(815301076,1909f56bfc062723c751e8b465ee728b)  -> (artifact id: 'a4546e6b66d13889ef310059f3ecc82b') in 0.022679 seconds 
========================================================================
Received Prepare
Registering precompiled user dll's ...
Registered in 0.006163 seconds.
Begin MonoManager ReloadAssembly
Symbol file LoadedFromMemory doesn't match image C:\UnityGames\Runner\Library\PackageCache\com.unity.visualscripting@1.7.8\Editor\VisualScripting.Core\Dependencies\DotNetZip\Unity.VisualScripting.IonicZip.dll
Symbol file LoadedFromMemory doesn't match image C:\UnityGames\Runner\Library\PackageCache\com.unity.visualscripting@1.7.8\Editor\VisualScripting.Core\Dependencies\YamlDotNet\Unity.VisualScripting.YamlDotNet.dll
Native extension for WindowsStandalone target not found
Native extension for iOS target not found
Native extension for Android target not found
Native extension for WebGL target not found
Refreshing native plugins compatible for Editor in 1.28 ms, found 4 plugins.
Preloading 0 native plugins for Editor in 0.00 ms.
Mono: successfully reloaded assembly
- Completed reload, in  1.711 seconds
Domain Reload Profiling:
	ReloadAssembly (1712ms)
		BeginReloadAssembly (154ms)
			ExecutionOrderSort (0ms)
			DisableScriptedObjects (10ms)
			BackupInstance (0ms)
			ReleaseScriptingObjects (0ms)
			CreateAndSetChildDomain (49ms)
		EndReloadAssembly (1453ms)
			LoadAssemblies (95ms)
			RebuildTransferFunctionScriptingTraits (0ms)
			SetupTypeCache (341ms)
			ReleaseScriptCaches (3ms)
			RebuildScriptCaches (63ms)
			SetupLoadedEditorAssemblies (831ms)
				LogAssemblyErrors (0ms)
				InitializePlatformSupportModulesInManaged (32ms)
				SetLoadedEditorAssemblies (1ms)
				RefreshPlugins (1ms)
				BeforeProcessingInitializeOnLoad (126ms)
				ProcessInitializeOnLoadAttributes (506ms)
				ProcessInitializeOnLoadMethodAttributes (159ms)
				AfterProcessingInitializeOnLoad (6ms)
				EditorAssembliesLoaded (0ms)
			ExecutionOrderSort2 (0ms)
			AwakeInstancesAfterBackupRestoration (24ms)
Platform modules already initialized, skipping
Refreshing native plugins compatible for Editor in 6.49 ms, found 4 plugins.
Preloading 0 native plugins for Editor in 0.00 ms.
Unloading 6085 Unused Serialized files (Serialized files now loaded: 0)
Unloading 67 unused Assets / (1.2 MB). Loaded Objects now: 6872.
Memory consumption went from 239.5 MB to 238.3 MB.
Total: 6.840100 ms (FindLiveObjects: 0.591200 ms CreateObjectMapping: 0.375900 ms MarkObjects: 5.301200 ms  DeleteObjects: 0.569900 ms)

AssetImportParameters requested are different than current active one (requested -> active):
  custom:video-decoder-ogg-theora: a1e56fd34408186e4bbccfd4996cb3dc -> 
  custom:container-muxer-webm: aa71ff27fc2769a1b78a27578f13a17b -> 
  custom:container-demuxer-webm: 4f35f7cbe854078d1ac9338744f61a02 -> 
  custom:video-encoder-webm-vp8: eb34c28f22e8b96e1ab97ce403110664 -> 
  custom:audio-encoder-webm-vorbis: bf7c407c2cedff20999df2af8eb42d56 -> 
  custom:framework-win-MediaFoundation: 216162199b28c13a410421893ffa2e32 -> 
  custom:container-demuxer-ogg: 62fdf1f143b41e24485cea50d1cbac27 -> 
  custom:video-decoder-webm-vp8: 9c59270c3fd7afecdb556c50c9e8de78 -> 
  custom:audio-decoder-ogg-vorbis: bf7c407c2cedff20999df2af8eb42d56 -> 
========================================================================
Received Import Request.
  Time since last request: 105.137104 seconds.
  path: Assets/Prefab/Element/Block.prefab
  artifactKey: Guid(b655246a878e58d4f90845493823c256) Importer(815301076,1909f56bfc062723c751e8b465ee728b)
Start importing Assets/Prefab/Element/Block.prefab using Guid(b655246a878e58d4f90845493823c256) Importer(815301076,1909f56bfc062723c751e8b465ee728b)  -> (artifact id: '285c936da668d1138599857136115686') in 0.174240 seconds 
========================================================================
Received Prepare
Registering precompiled user dll's ...
Registered in 0.005072 seconds.
Begin MonoManager ReloadAssembly
Symbol file LoadedFromMemory doesn't match image C:\UnityGames\Runner\Library\PackageCache\com.unity.visualscripting@1.7.8\Editor\VisualScripting.Core\Dependencies\DotNetZip\Unity.VisualScripting.IonicZip.dll
Symbol file LoadedFromMemory doesn't match image C:\UnityGames\Runner\Library\PackageCache\com.unity.visualscripting@1.7.8\Editor\VisualScripting.Core\Dependencies\YamlDotNet\Unity.VisualScripting.YamlDotNet.dll
Native extension for WindowsStandalone target not found
Native extension for iOS target not found
Native extension for Android target not found
Native extension for WebGL target not found
Refreshing native plugins compatible for Editor in 1.18 ms, found 4 plugins.
Preloading 0 native plugins for Editor in 0.00 ms.
Mono: successfully reloaded assembly
- Completed reload, in  1.593 seconds
Domain Reload Profiling:
	ReloadAssembly (1594ms)
		BeginReloadAssembly (167ms)
			ExecutionOrderSort (0ms)
			DisableScriptedObjects (9ms)
			BackupInstance (0ms)
			ReleaseScriptingObjects (0ms)
			CreateAndSetChildDomain (50ms)
		EndReloadAssembly (1334ms)
			LoadAssemblies (105ms)
			RebuildTransferFunctionScriptingTraits (0ms)
			SetupTypeCache (326ms)
			ReleaseScriptCaches (3ms)
			RebuildScriptCaches (54ms)
			SetupLoadedEditorAssemblies (751ms)
				LogAssemblyErrors (0ms)
				InitializePlatformSupportModulesInManaged (32ms)
				SetLoadedEditorAssemblies (1ms)
				RefreshPlugins (1ms)
				BeforeProcessingInitializeOnLoad (120ms)
				ProcessInitializeOnLoadAttributes (454ms)
				ProcessInitializeOnLoadMethodAttributes (137ms)
				AfterProcessingInitializeOnLoad (7ms)
				EditorAssembliesLoaded (0ms)
			ExecutionOrderSort2 (0ms)
			AwakeInstancesAfterBackupRestoration (26ms)
Platform modules already initialized, skipping
Refreshing native plugins compatible for Editor in 4.71 ms, found 4 plugins.
Preloading 0 native plugins for Editor in 0.00 ms.
Unloading 6085 Unused Serialized files (Serialized files now loaded: 0)
Unloading 67 unused Assets / (1.2 MB). Loaded Objects now: 6927.
Memory consumption went from 239.6 MB to 238.4 MB.
Total: 5.401200 ms (FindLiveObjects: 0.994900 ms CreateObjectMapping: 0.412200 ms MarkObjects: 3.294100 ms  DeleteObjects: 0.698300 ms)

AssetImportParameters requested are different than current active one (requested -> active):
  custom:video-decoder-ogg-theora: a1e56fd34408186e4bbccfd4996cb3dc -> 
  custom:container-muxer-webm: aa71ff27fc2769a1b78a27578f13a17b -> 
  custom:container-demuxer-webm: 4f35f7cbe854078d1ac9338744f61a02 -> 
  custom:video-encoder-webm-vp8: eb34c28f22e8b96e1ab97ce403110664 -> 
  custom:audio-encoder-webm-vorbis: bf7c407c2cedff20999df2af8eb42d56 -> 
  custom:framework-win-MediaFoundation: 216162199b28c13a410421893ffa2e32 -> 
  custom:container-demuxer-ogg: 62fdf1f143b41e24485cea50d1cbac27 -> 
  custom:video-decoder-webm-vp8: 9c59270c3fd7afecdb556c50c9e8de78 -> 
  custom:audio-decoder-ogg-vorbis: bf7c407c2cedff20999df2af8eb42d56 -> 
========================================================================
Received Prepare
Refreshing native plugins compatible for Editor in 12.04 ms, found 4 plugins.
Preloading 0 native plugins for Editor in 0.00 ms.
Unloading 67 Unused Serialized files (Serialized files now loaded: 0)
Unloading 67 unused Assets / (1.2 MB). Loaded Objects now: 6927.
Memory consumption went from 117.4 MB to 116.2 MB.
Total: 5.525900 ms (FindLiveObjects: 0.470300 ms CreateObjectMapping: 0.261100 ms MarkObjects: 4.165400 ms  DeleteObjects: 0.627700 ms)

AssetImportParameters requested are different than current active one (requested -> active):
  custom:video-decoder-ogg-theora: a1e56fd34408186e4bbccfd4996cb3dc -> 
  custom:container-muxer-webm: aa71ff27fc2769a1b78a27578f13a17b -> 
  custom:container-demuxer-webm: 4f35f7cbe854078d1ac9338744f61a02 -> 
  custom:video-encoder-webm-vp8: eb34c28f22e8b96e1ab97ce403110664 -> 
  custom:audio-encoder-webm-vorbis: bf7c407c2cedff20999df2af8eb42d56 -> 
  custom:framework-win-MediaFoundation: 216162199b28c13a410421893ffa2e32 -> 
  custom:container-demuxer-ogg: 62fdf1f143b41e24485cea50d1cbac27 -> 
  custom:video-decoder-webm-vp8: 9c59270c3fd7afecdb556c50c9e8de78 -> 
  custom:audio-decoder-ogg-vorbis: bf7c407c2cedff20999df2af8eb42d56 -> 
